OpenROAD 7f00621cb612fd94e15b35790afe744c89d433a7 
This program is licensed under the BSD-3 license. See the LICENSE file for details.
Components of this program may be licensed under more restrictive licenses which must be honored.
[INFO ODB-0222] Reading LEF file: /openlane/designs/D2DAdapter/runs/RUN_2024.07.10_02.23.41/tmp/merged.nom.lef
[WARNING ODB-0220] WARNING (LEFPARS-2036): SOURCE statement is obsolete in version 5.6 and later.
The LEF parser will ignore this statement.
To avoid this warning in the future, remove this statement from the LEF file with version 5.6 or later. See file /openlane/designs/D2DAdapter/runs/RUN_2024.07.10_02.23.41/tmp/merged.nom.lef at line 68342.

[INFO ODB-0223]     Created 13 technology layers
[INFO ODB-0224]     Created 25 technology vias
[INFO ODB-0225]     Created 441 library cells
[INFO ODB-0226] Finished LEF file:  /openlane/designs/D2DAdapter/runs/RUN_2024.07.10_02.23.41/tmp/merged.nom.lef
[INFO ODB-0127] Reading DEF file: /openlane/designs/D2DAdapter/runs/RUN_2024.07.10_02.23.41/results/routing/D2DAdapter.def
[INFO ODB-0128] Design: D2DAdapter
[INFO ODB-0094] 		Created 100000 Insts
[INFO ODB-0094] 		Created 200000 Insts
[INFO ODB-0130]     Created 503 pins.
[INFO ODB-0131]     Created 250313 components and 1205831 component-terminals.
[INFO ODB-0132]     Created 2 special nets and 952672 connections.
[INFO ODB-0133]     Created 76778 nets and 253124 connections.
[INFO ODB-0134] Finished DEF file: /openlane/designs/D2DAdapter/runs/RUN_2024.07.10_02.23.41/results/routing/D2DAdapter.def
[INFO]: Setting RC values...
[INFO PSM-0002] Output voltage file is specified as: /openlane/designs/D2DAdapter/runs/RUN_2024.07.10_02.23.41/reports/signoff/26-irdrop.rpt.
[WARNING PSM-0016] Voltage pad location (VSRC) file not specified, defaulting pad location to checkerboard pattern on core area.
[WARNING PSM-0017] X direction bump pitch is not specified, defaulting to 140um.
[WARNING PSM-0018] Y direction bump pitch is not specified, defaulting to 140um.
[WARNING PSM-0019] Voltage on net VPWR is not explicitly set.
[WARNING PSM-0022] Using voltage 1.800V for VDD network.
[WARNING PSM-0065] VSRC location not specified, using default checkerboard pattern with one VDD every size bumps in x-direction and one in two bumps in the y-direction
[INFO PSM-0076] Setting metal node density to be standard cell height times 5.
[WARNING PSM-0030] VSRC location at (97.340um, 102.320um) and size 10.000um, is not located on an existing power stripe node. Moving to closest node at (21.840um, 27.530um).
[WARNING PSM-0030] VSRC location at (937.340um, 102.320um) and size 10.000um, is not located on an existing power stripe node. Moving to closest node at (943.440um, 27.530um).
[WARNING PSM-0030] VSRC location at (377.340um, 242.320um) and size 10.000um, is not located on an existing power stripe node. Moving to closest node at (329.040um, 180.710um).
[WARNING PSM-0030] VSRC location at (1217.340um, 242.320um) and size 10.000um, is not located on an existing power stripe node. Moving to closest node at (1250.640um, 180.710um).
[WARNING PSM-0030] VSRC location at (657.340um, 382.320um) and size 10.000um, is not located on an existing power stripe node. Moving to closest node at (636.240um, 333.890um).
[WARNING PSM-0030] VSRC location at (97.340um, 522.320um) and size 10.000um, is not located on an existing power stripe node. Moving to closest node at (21.840um, 487.070um).
[WARNING PSM-0030] VSRC location at (937.340um, 522.320um) and size 10.000um, is not located on an existing power stripe node. Moving to closest node at (943.440um, 487.070um).
[WARNING PSM-0030] VSRC location at (377.340um, 662.320um) and size 10.000um, is not located on an existing power stripe node. Moving to closest node at (329.040um, 640.250um).
[WARNING PSM-0030] VSRC location at (1217.340um, 662.320um) and size 10.000um, is not located on an existing power stripe node. Moving to closest node at (1250.640um, 640.250um).
[WARNING PSM-0030] VSRC location at (657.340um, 802.320um) and size 10.000um, is not located on an existing power stripe node. Moving to closest node at (636.240um, 793.430um).
[WARNING PSM-0030] VSRC location at (97.340um, 942.320um) and size 10.000um, is not located on an existing power stripe node. Moving to closest node at (21.840um, 946.610um).
[WARNING PSM-0030] VSRC location at (937.340um, 942.320um) and size 10.000um, is not located on an existing power stripe node. Moving to closest node at (943.440um, 946.610um).
[WARNING PSM-0030] VSRC location at (377.340um, 1082.320um) and size 10.000um, is not located on an existing power stripe node. Moving to closest node at (329.040um, 1099.790um).
[WARNING PSM-0030] VSRC location at (1217.340um, 1082.320um) and size 10.000um, is not located on an existing power stripe node. Moving to closest node at (1250.640um, 1099.790um).
[WARNING PSM-0030] VSRC location at (657.340um, 1222.320um) and size 10.000um, is not located on an existing power stripe node. Moving to closest node at (636.240um, 1252.970um).
[INFO PSM-0031] Number of PDN nodes on net VPWR = 40278.
[INFO PSM-0064] Number of voltage sources = 15.
[INFO PSM-0040] All PDN stripes on net VPWR are connected.
########## IR report #################
Worstcase voltage: 1.80e+00 V
Average IR drop  : 3.36e-08 V
Worstcase IR drop: 4.59e-08 V
######################################
