
===========================================================================
report_checks -unconstrained
============================================================================
Startpoint: io_fdi_lpRxActiveStatus (input port clocked by clk)
Endpoint: io_fdi_lpConfigCredit (output port clocked by clk)
Path Group: clk
Path Type: max

Fanout     Cap    Slew   Delay    Time   Description
-----------------------------------------------------------------------------
                  0.00    0.00    0.00   clock clk (rise edge)
                          0.00    0.00   clock network delay (ideal)
                          2.00    2.00 v input external delay
                  0.03    0.02    2.02 v io_fdi_lpRxActiveStatus (in)
     1    0.01                           io_fdi_lpRxActiveStatus (net)
                  0.03    0.00    2.02 v input102/A (sky130_fd_sc_hd__buf_8)
                  0.08    0.16    2.18 v input102/X (sky130_fd_sc_hd__buf_8)
     2    0.10                           net102 (net)
                  0.08    0.01    2.19 v _056543_/B (sky130_fd_sc_hd__and3b_1)
                  0.07    0.22    2.42 v _056543_/X (sky130_fd_sc_hd__and3b_1)
     4    0.01                           _019446_ (net)
                  0.07    0.00    2.42 v _056546_/A2 (sky130_fd_sc_hd__o21bai_1)
                  0.16    0.18    2.60 ^ _056546_/Y (sky130_fd_sc_hd__o21bai_1)
     2    0.01                           _019449_ (net)
                  0.16    0.00    2.60 ^ _056547_/A2 (sky130_fd_sc_hd__a21oi_1)
                  0.07    0.12    2.72 v _056547_/Y (sky130_fd_sc_hd__a21oi_1)
     2    0.01                           _019450_ (net)
                  0.07    0.00    2.72 v _056548_/B (sky130_fd_sc_hd__or2_1)
                  0.08    0.27    2.99 v _056548_/X (sky130_fd_sc_hd__or2_1)
     2    0.01                           _019451_ (net)
                  0.08    0.00    2.99 v _056551_/B (sky130_fd_sc_hd__or3b_4)
                  0.09    0.45    3.43 v _056551_/X (sky130_fd_sc_hd__or3b_4)
     6    0.02                           _019454_ (net)
                  0.09    0.00    3.43 v _056723_/A2 (sky130_fd_sc_hd__a211oi_4)
                  0.58    0.59    4.03 ^ _056723_/Y (sky130_fd_sc_hd__a211oi_4)
     6    0.05                           _019626_ (net)
                  0.58    0.00    4.03 ^ _056726_/A1 (sky130_fd_sc_hd__a21o_2)
                  0.15    0.32    4.35 ^ _056726_/X (sky130_fd_sc_hd__a21o_2)
     6    0.03                           _019629_ (net)
                  0.15    0.00    4.35 ^ _056727_/C (sky130_fd_sc_hd__and3_4)
                  0.19    0.34    4.69 ^ _056727_/X (sky130_fd_sc_hd__and3_4)
     1    0.06                           _019630_ (net)
                  0.19    0.01    4.70 ^ _056728_/A (sky130_fd_sc_hd__clkbuf_1)
                  0.05    0.12    4.82 ^ _056728_/X (sky130_fd_sc_hd__clkbuf_1)
     1    0.00                           net222 (net)
                  0.05    0.00    4.82 ^ output222/A (sky130_fd_sc_hd__buf_2)
                  0.18    0.22    5.04 ^ output222/X (sky130_fd_sc_hd__buf_2)
     1    0.03                           io_fdi_lpConfigCredit (net)
                  0.18    0.00    5.04 ^ io_fdi_lpConfigCredit (out)
                                  5.04   data arrival time

                  0.00   10.00   10.00   clock clk (rise edge)
                          0.00   10.00   clock network delay (ideal)
                         -0.25    9.75   clock uncertainty
                          0.00    9.75   clock reconvergence pessimism
                         -2.00    7.75   output external delay
                                  7.75   data required time
-----------------------------------------------------------------------------
                                  7.75   data required time
                                 -5.04   data arrival time
-----------------------------------------------------------------------------
                                  2.71   slack (MET)



===========================================================================
report_checks --slack_max -0.01
============================================================================
No paths found.
