OpenROAD 7f00621cb612fd94e15b35790afe744c89d433a7 
This program is licensed under the BSD-3 license. See the LICENSE file for details.
Components of this program may be licensed under more restrictive licenses which must be honored.
Placement Analysis
---------------------------------
total displacement          0.0 u
average displacement        0.0 u
max displacement            0.0 u
original HPWL         3459075.6 u
legalized HPWL        3521366.6 u
delta HPWL                    2 %

[INFO DPL-0020] Mirrored 25646 instances
[INFO DPL-0021] HPWL before          3521366.6 u
[INFO DPL-0022] HPWL after           3459075.6 u
[INFO DPL-0023] HPWL delta               -1.8 %
Setting global connections for newly added cells...
Writing OpenROAD database to /openlane/designs/D2DAdapter/runs/RUN_2024.07.10_02.23.41/results/placement/D2DAdapter.odb...
Writing netlist to /openlane/designs/D2DAdapter/runs/RUN_2024.07.10_02.23.41/results/placement/D2DAdapter.nl.v...
Writing powered netlist to /openlane/designs/D2DAdapter/runs/RUN_2024.07.10_02.23.41/results/placement/D2DAdapter.pnl.v...
Writing layout to /openlane/designs/D2DAdapter/runs/RUN_2024.07.10_02.23.41/results/placement/D2DAdapter.def...
