
===========================================================================
report_checks -path_delay max (Setup)
============================================================================
Startpoint: io_fdi_lpRxActiveStatus (input port clocked by clk)
Endpoint: io_fdi_lpConfigCredit (output port clocked by clk)
Path Group: clk
Path Type: max

Fanout     Cap    Slew   Delay    Time   Description
-----------------------------------------------------------------------------
                  0.00    0.00    0.00   clock clk (rise edge)
                          0.00    0.00   clock network delay (ideal)
                          2.00    2.00 v input external delay
                  0.03    0.02    2.02 v io_fdi_lpRxActiveStatus (in)
     1    0.01                           io_fdi_lpRxActiveStatus (net)
                  0.03    0.00    2.02 v input102/A (sky130_fd_sc_hd__buf_8)
                  0.15    0.20    2.22 v input102/X (sky130_fd_sc_hd__buf_8)
     7    0.21                           net102 (net)
                  0.17    0.04    2.26 v _056543_/B (sky130_fd_sc_hd__and3b_1)
                  0.07    0.27    2.53 v _056543_/X (sky130_fd_sc_hd__and3b_1)
     4    0.01                           _019446_ (net)
                  0.07    0.00    2.53 v _056546_/A2 (sky130_fd_sc_hd__o21bai_1)
                  0.17    0.19    2.71 ^ _056546_/Y (sky130_fd_sc_hd__o21bai_1)
     2    0.01                           _019449_ (net)
                  0.17    0.00    2.71 ^ _056547_/A2 (sky130_fd_sc_hd__a21oi_1)
                  0.08    0.12    2.84 v _056547_/Y (sky130_fd_sc_hd__a21oi_1)
     2    0.01                           _019450_ (net)
                  0.08    0.00    2.84 v _056548_/B (sky130_fd_sc_hd__or2_1)
                  0.11    0.29    3.13 v _056548_/X (sky130_fd_sc_hd__or2_1)
     2    0.02                           _019451_ (net)
                  0.11    0.00    3.13 v _056551_/B (sky130_fd_sc_hd__or3b_4)
                  0.10    0.46    3.59 v _056551_/X (sky130_fd_sc_hd__or3b_4)
     6    0.02                           _019454_ (net)
                  0.10    0.00    3.60 v _056723_/A2 (sky130_fd_sc_hd__a211oi_4)
                  0.92    0.84    4.44 ^ _056723_/Y (sky130_fd_sc_hd__a211oi_4)
     6    0.09                           _019626_ (net)
                  0.92    0.00    4.44 ^ _056726_/A1 (sky130_fd_sc_hd__a21o_2)
                  0.17    0.36    4.80 ^ _056726_/X (sky130_fd_sc_hd__a21o_2)
     6    0.03                           _019629_ (net)
                  0.17    0.00    4.80 ^ _056727_/C (sky130_fd_sc_hd__and3_4)
                  0.38    0.49    5.29 ^ _056727_/X (sky130_fd_sc_hd__and3_4)
     5    0.13                           _019630_ (net)
                  0.38    0.01    5.30 ^ _056728_/A (sky130_fd_sc_hd__clkbuf_1)
                  0.05    0.13    5.43 ^ _056728_/X (sky130_fd_sc_hd__clkbuf_1)
     1    0.00                           net222 (net)
                  0.05    0.00    5.43 ^ output222/A (sky130_fd_sc_hd__buf_2)
                  0.18    0.21    5.65 ^ output222/X (sky130_fd_sc_hd__buf_2)
     1    0.03                           io_fdi_lpConfigCredit (net)
                  0.18    0.00    5.65 ^ io_fdi_lpConfigCredit (out)
                                  5.65   data arrival time

                  0.00   10.00   10.00   clock clk (rise edge)
                          0.00   10.00   clock network delay (ideal)
                         -0.25    9.75   clock uncertainty
                          0.00    9.75   clock reconvergence pessimism
                         -2.00    7.75   output external delay
                                  7.75   data required time
-----------------------------------------------------------------------------
                                  7.75   data required time
                                 -5.65   data arrival time
-----------------------------------------------------------------------------
                                  2.10   slack (MET)


Startpoint: io_rdi_lpData_ready (input port clocked by clk)
Endpoint: io_fdi_lpData_ready (output port clocked by clk)
Path Group: clk
Path Type: max

Fanout     Cap    Slew   Delay    Time   Description
-----------------------------------------------------------------------------
                  0.00    0.00    0.00   clock clk (rise edge)
                          0.00    0.00   clock network delay (ideal)
                          2.00    2.00 ^ input external delay
                  0.02    0.01    2.01 ^ io_rdi_lpData_ready (in)
     1    0.00                           io_rdi_lpData_ready (net)
                  0.02    0.00    2.01 ^ input110/A (sky130_fd_sc_hd__clkbuf_4)
                  0.22    0.26    2.27 ^ input110/X (sky130_fd_sc_hd__clkbuf_4)
     2    0.07                           net110 (net)
                  0.22    0.02    2.29 ^ _055379_/A2 (sky130_fd_sc_hd__a31o_1)
                  0.10    0.23    2.52 ^ _055379_/X (sky130_fd_sc_hd__a31o_1)
     1    0.01                           _018356_ (net)
                  0.10    0.00    2.52 ^ _055380_/A (sky130_fd_sc_hd__clkbuf_16)
                  0.22    0.25    2.77 ^ _055380_/X (sky130_fd_sc_hd__clkbuf_16)
     7    0.22                           net223 (net)
                  0.31    0.12    2.88 ^ output223/A (sky130_fd_sc_hd__buf_2)
                  0.17    0.29    3.17 ^ output223/X (sky130_fd_sc_hd__buf_2)
     1    0.03                           io_fdi_lpData_ready (net)
                  0.17    0.00    3.17 ^ io_fdi_lpData_ready (out)
                                  3.17   data arrival time

                  0.00   10.00   10.00   clock clk (rise edge)
                          0.00   10.00   clock network delay (ideal)
                         -0.25    9.75   clock uncertainty
                          0.00    9.75   clock reconvergence pessimism
                         -2.00    7.75   output external delay
                                  7.75   data required time
-----------------------------------------------------------------------------
                                  7.75   data required time
                                 -3.17   data arrival time
-----------------------------------------------------------------------------
                                  4.58   slack (MET)


Startpoint: io_rdi_plLinkWidth[1] (input port clocked by clk)
Endpoint: io_fdi_plLinkWidth[1] (output port clocked by clk)
Path Group: clk
Path Type: max

Fanout     Cap    Slew   Delay    Time   Description
-----------------------------------------------------------------------------
                  0.00    0.00    0.00   clock clk (rise edge)
                          0.00    0.00   clock network delay (ideal)
                          2.00    2.00 ^ input external delay
                  0.03    0.02    2.02 ^ io_rdi_plLinkWidth[1] (in)
     1    0.01                           io_rdi_plLinkWidth[1] (net)
                  0.03    0.00    2.02 ^ input211/A (sky130_fd_sc_hd__clkbuf_1)
                  0.14    0.15    2.17 ^ input211/X (sky130_fd_sc_hd__clkbuf_1)
     1    0.01                           net211 (net)
                  0.14    0.00    2.17 ^ _129056_/A (sky130_fd_sc_hd__buf_12)
                  0.52    0.41    2.59 ^ _129056_/X (sky130_fd_sc_hd__buf_12)
    57    0.46                           net324 (net)
                  0.57    0.13    2.72 ^ output324/A (sky130_fd_sc_hd__buf_2)
                  0.17    0.33    3.05 ^ output324/X (sky130_fd_sc_hd__buf_2)
     1    0.03                           io_fdi_plLinkWidth[1] (net)
                  0.17    0.00    3.05 ^ io_fdi_plLinkWidth[1] (out)
                                  3.05   data arrival time

                  0.00   10.00   10.00   clock clk (rise edge)
                          0.00   10.00   clock network delay (ideal)
                         -0.25    9.75   clock uncertainty
                          0.00    9.75   clock reconvergence pessimism
                         -2.00    7.75   output external delay
                                  7.75   data required time
-----------------------------------------------------------------------------
                                  7.75   data required time
                                 -3.05   data arrival time
-----------------------------------------------------------------------------
                                  4.70   slack (MET)


Startpoint: io_rdi_plLinkWidth[0] (input port clocked by clk)
Endpoint: io_fdi_plLinkWidth[0] (output port clocked by clk)
Path Group: clk
Path Type: max

Fanout     Cap    Slew   Delay    Time   Description
-----------------------------------------------------------------------------
                  0.00    0.00    0.00   clock clk (rise edge)
                          0.00    0.00   clock network delay (ideal)
                          2.00    2.00 ^ input external delay
                  0.06    0.04    2.04 ^ io_rdi_plLinkWidth[0] (in)
     1    0.01                           io_rdi_plLinkWidth[0] (net)
                  0.06    0.00    2.04 ^ input210/A (sky130_fd_sc_hd__buf_12)
                  0.38    0.31    2.35 ^ input210/X (sky130_fd_sc_hd__buf_12)
    47    0.33                           net210 (net)
                  0.41    0.09    2.44 ^ _129055_/A (sky130_fd_sc_hd__clkbuf_1)
                  0.05    0.14    2.57 ^ _129055_/X (sky130_fd_sc_hd__clkbuf_1)
     1    0.00                           net323 (net)
                  0.05    0.00    2.57 ^ output323/A (sky130_fd_sc_hd__buf_2)
                  0.18    0.22    2.79 ^ output323/X (sky130_fd_sc_hd__buf_2)
     1    0.03                           io_fdi_plLinkWidth[0] (net)
                  0.18    0.00    2.79 ^ io_fdi_plLinkWidth[0] (out)
                                  2.79   data arrival time

                  0.00   10.00   10.00   clock clk (rise edge)
                          0.00   10.00   clock network delay (ideal)
                         -0.25    9.75   clock uncertainty
                          0.00    9.75   clock reconvergence pessimism
                         -2.00    7.75   output external delay
                                  7.75   data required time
-----------------------------------------------------------------------------
                                  7.75   data required time
                                 -2.79   data arrival time
-----------------------------------------------------------------------------
                                  4.96   slack (MET)


Startpoint: io_rdi_plLinkWidth[2] (input port clocked by clk)
Endpoint: io_fdi_plLinkWidth[2] (output port clocked by clk)
Path Group: clk
Path Type: max

Fanout     Cap    Slew   Delay    Time   Description
-----------------------------------------------------------------------------
                  0.00    0.00    0.00   clock clk (rise edge)
                          0.00    0.00   clock network delay (ideal)
                          2.00    2.00 ^ input external delay
                  0.03    0.02    2.02 ^ io_rdi_plLinkWidth[2] (in)
     1    0.00                           io_rdi_plLinkWidth[2] (net)
                  0.03    0.00    2.02 ^ input212/A (sky130_fd_sc_hd__buf_4)
                  0.41    0.37    2.39 ^ input212/X (sky130_fd_sc_hd__buf_4)
    17    0.15                           net212 (net)
                  0.41    0.02    2.40 ^ _129057_/A (sky130_fd_sc_hd__clkbuf_1)
                  0.05    0.14    2.54 ^ _129057_/X (sky130_fd_sc_hd__clkbuf_1)
     1    0.00                           net325 (net)
                  0.05    0.00    2.54 ^ output325/A (sky130_fd_sc_hd__buf_2)
                  0.17    0.21    2.75 ^ output325/X (sky130_fd_sc_hd__buf_2)
     1    0.03                           io_fdi_plLinkWidth[2] (net)
                  0.17    0.00    2.75 ^ io_fdi_plLinkWidth[2] (out)
                                  2.75   data arrival time

                  0.00   10.00   10.00   clock clk (rise edge)
                          0.00   10.00   clock network delay (ideal)
                         -0.25    9.75   clock uncertainty
                          0.00    9.75   clock reconvergence pessimism
                         -2.00    7.75   output external delay
                                  7.75   data required time
-----------------------------------------------------------------------------
                                  7.75   data required time
                                 -2.75   data arrival time
-----------------------------------------------------------------------------
                                  5.00   slack (MET)


