
===========================================================================
report_checks -unconstrained
============================================================================
Startpoint: io_fdi_lpRxActiveStatus (input port clocked by clk)
Endpoint: io_fdi_lpConfigCredit (output port clocked by clk)
Path Group: clk
Path Type: max

Fanout     Cap    Slew   Delay    Time   Description
-----------------------------------------------------------------------------
                  0.00    0.00    0.00   clock clk (rise edge)
                          0.00    0.00   clock network delay (ideal)
                          2.00    2.00 v input external delay
                  0.03    0.02    2.02 v io_fdi_lpRxActiveStatus (in)
     1    0.01                           io_fdi_lpRxActiveStatus (net)
                  0.03    0.00    2.02 v input102/A (sky130_fd_sc_hd__buf_8)
                  0.15    0.20    2.22 v input102/X (sky130_fd_sc_hd__buf_8)
     7    0.21                           net102 (net)
                  0.17    0.04    2.26 v _056543_/B (sky130_fd_sc_hd__and3b_1)
                  0.07    0.27    2.53 v _056543_/X (sky130_fd_sc_hd__and3b_1)
     4    0.01                           _019446_ (net)
                  0.07    0.00    2.53 v _056546_/A2 (sky130_fd_sc_hd__o21bai_1)
                  0.17    0.19    2.71 ^ _056546_/Y (sky130_fd_sc_hd__o21bai_1)
     2    0.01                           _019449_ (net)
                  0.17    0.00    2.71 ^ _056547_/A2 (sky130_fd_sc_hd__a21oi_1)
                  0.08    0.12    2.84 v _056547_/Y (sky130_fd_sc_hd__a21oi_1)
     2    0.01                           _019450_ (net)
                  0.08    0.00    2.84 v _056548_/B (sky130_fd_sc_hd__or2_1)
                  0.11    0.29    3.13 v _056548_/X (sky130_fd_sc_hd__or2_1)
     2    0.02                           _019451_ (net)
                  0.11    0.00    3.13 v _056551_/B (sky130_fd_sc_hd__or3b_4)
                  0.10    0.46    3.59 v _056551_/X (sky130_fd_sc_hd__or3b_4)
     6    0.02                           _019454_ (net)
                  0.10    0.00    3.60 v _056723_/A2 (sky130_fd_sc_hd__a211oi_4)
                  0.92    0.84    4.44 ^ _056723_/Y (sky130_fd_sc_hd__a211oi_4)
     6    0.09                           _019626_ (net)
                  0.92    0.00    4.44 ^ _056726_/A1 (sky130_fd_sc_hd__a21o_2)
                  0.17    0.36    4.80 ^ _056726_/X (sky130_fd_sc_hd__a21o_2)
     6    0.03                           _019629_ (net)
                  0.17    0.00    4.80 ^ _056727_/C (sky130_fd_sc_hd__and3_4)
                  0.38    0.49    5.29 ^ _056727_/X (sky130_fd_sc_hd__and3_4)
     5    0.13                           _019630_ (net)
                  0.38    0.01    5.30 ^ _056728_/A (sky130_fd_sc_hd__clkbuf_1)
                  0.05    0.13    5.43 ^ _056728_/X (sky130_fd_sc_hd__clkbuf_1)
     1    0.00                           net222 (net)
                  0.05    0.00    5.43 ^ output222/A (sky130_fd_sc_hd__buf_2)
                  0.18    0.21    5.65 ^ output222/X (sky130_fd_sc_hd__buf_2)
     1    0.03                           io_fdi_lpConfigCredit (net)
                  0.18    0.00    5.65 ^ io_fdi_lpConfigCredit (out)
                                  5.65   data arrival time

                  0.00   10.00   10.00   clock clk (rise edge)
                          0.00   10.00   clock network delay (ideal)
                         -0.25    9.75   clock uncertainty
                          0.00    9.75   clock reconvergence pessimism
                         -2.00    7.75   output external delay
                                  7.75   data required time
-----------------------------------------------------------------------------
                                  7.75   data required time
                                 -5.65   data arrival time
-----------------------------------------------------------------------------
                                  2.10   slack (MET)



===========================================================================
report_checks --slack_max -0.01
============================================================================
No paths found.
