CVC: Log output to /openlane/designs/D2DAdapter/runs/RUN_2024.07.10_02.23.41/reports/signoff/D2DAdapter.rpt
CVC: Error output to /openlane/designs/D2DAdapter/runs/RUN_2024.07.10_02.23.41/reports/signoff/D2DAdapter.rpt.error.gz
CVC: Debug output to /openlane/designs/D2DAdapter/runs/RUN_2024.07.10_02.23.41/reports/signoff/D2DAdapter.rpt.debug.gz
CVC: Circuit Validation Check  Version 1.1.4
CVC: Start: Wed Jul 10 03:27:28 2024

Using the following parameters for CVC (Circuit Validation Check) from /home/zerotoasic/asic_tools/pdk/sky130A/libs.tech/openlane/cvc/cvcrc
CVC_TOP = 'D2DAdapter'
CVC_NETLIST = '/openlane/designs/D2DAdapter/runs/RUN_2024.07.10_02.23.41/tmp/signoff/D2DAdapter.cdl'
CVC_MODE = 'D2DAdapter'
CVC_MODEL_FILE = '/home/zerotoasic/asic_tools/pdk/sky130A/libs.tech/openlane/cvc/models'
CVC_POWER_FILE = '/openlane/designs/D2DAdapter/runs/RUN_2024.07.10_02.23.41/tmp/signoff/D2DAdapter.power'
CVC_FUSE_FILE = ''
CVC_REPORT_FILE = '/openlane/designs/D2DAdapter/runs/RUN_2024.07.10_02.23.41/reports/signoff/D2DAdapter.rpt'
CVC_REPORT_TITLE = 'CVC $CVC_TOP'
CVC_CIRCUIT_ERROR_LIMIT = '100'
CVC_SEARCH_LIMIT = '100'
CVC_LEAK_LIMIT = '0.0002'
CVC_SOI = 'false'
CVC_SCRC = 'false'
CVC_VTH_GATES = 'false'
CVC_MIN_VTH_GATES = 'false'
CVC_IGNORE_VTH_FLOATING = 'false'
CVC_IGNORE_NO_LEAK_FLOATING = 'false'
CVC_LEAK_OVERVOLTAGE = 'true'
CVC_LOGIC_DIODES = 'false'
CVC_ANALOG_GATES = 'true'
CVC_BACKUP_RESULTS = 'false'
CVC_MOS_DIODE_ERROR_THRESHOLD = '0'
CVC_SHORT_ERROR_THRESHOLD = '0'
CVC_BIAS_ERROR_THRESHOLD = '0'
CVC_FORWARD_ERROR_THRESHOLD = '0'
CVC_FLOATING_ERROR_THRESHOLD = '0'
CVC_GATE_ERROR_THRESHOLD = '0'
CVC_LEAK?_ERROR_THRESHOLD = '0'
CVC_EXPECTED_ERROR_THRESHOLD = '0'
CVC_OVERVOLTAGE_ERROR_THRESHOLD = '0'
CVC_PARALLEL_CIRCUIT_PORT_LIMIT = '0'
CVC_CELL_ERROR_LIMIT_FILE = ''
CVC_CELL_CHECKSUM_FILE = ''
CVC_LARGE_CIRCUIT_SIZE = '10000000'
CVC_NET_CHECK_FILE = ''
CVC_MODEL_CHECK_FILE = ''
End of parameters

CVC: Reading device model settings...
CVC: Reading power settings...
CVC: Parsing netlist /openlane/designs/D2DAdapter/runs/RUN_2024.07.10_02.23.41/tmp/signoff/D2DAdapter.cdl
Cdl fixed data size 5159294
Usage CDL: Time: 0  Memory: 151740  I/O: 8  Swap: 0
CVC: Counting and linking...
