
===========================================================================
report_checks -unconstrained
============================================================================
Startpoint: io_fdi_lpRxActiveStatus (input port clocked by clk)
Endpoint: io_fdi_lpConfigCredit (output port clocked by clk)
Path Group: clk
Path Type: max

Fanout     Cap    Slew   Delay    Time   Description
-----------------------------------------------------------------------------
                  0.00    0.00    0.00   clock clk (rise edge)
                          0.00    0.00   clock network delay (ideal)
                          2.00    2.00 v input external delay
                  0.23    0.21    2.21 v io_fdi_lpRxActiveStatus (in)
     2    0.11                           io_fdi_lpRxActiveStatus (net)
                  0.26    0.00    2.21 v _056543_/B (sky130_fd_sc_hd__and3b_2)
                  0.06    0.34    2.55 v _056543_/X (sky130_fd_sc_hd__and3b_2)
     4    0.01                           _019446_ (net)
                  0.06    0.00    2.55 v _056546_/A2 (sky130_fd_sc_hd__o21bai_2)
                  0.13    0.15    2.69 ^ _056546_/Y (sky130_fd_sc_hd__o21bai_2)
     2    0.01                           _019449_ (net)
                  0.13    0.00    2.69 ^ _056547_/A2 (sky130_fd_sc_hd__a21oi_2)
                  0.05    0.08    2.77 v _056547_/Y (sky130_fd_sc_hd__a21oi_2)
     2    0.01                           _019450_ (net)
                  0.05    0.00    2.77 v _056548_/B (sky130_fd_sc_hd__or2_2)
                  0.07    0.31    3.09 v _056548_/X (sky130_fd_sc_hd__or2_2)
     2    0.01                           _019451_ (net)
                  0.07    0.00    3.09 v _056551_/B (sky130_fd_sc_hd__or3b_2)
                  0.12    0.54    3.63 v _056551_/X (sky130_fd_sc_hd__or3b_2)
     6    0.02                           _019454_ (net)
                  0.12    0.00    3.63 v _056723_/A2 (sky130_fd_sc_hd__a211oi_2)
                  0.60    0.60    4.23 ^ _056723_/Y (sky130_fd_sc_hd__a211oi_2)
     6    0.03                           _019626_ (net)
                  0.60    0.00    4.23 ^ _056726_/A1 (sky130_fd_sc_hd__a21o_2)
                  0.11    0.29    4.52 ^ _056726_/X (sky130_fd_sc_hd__a21o_2)
     6    0.02                           _019629_ (net)
                  0.11    0.00    4.52 ^ _056727_/C (sky130_fd_sc_hd__and3_2)
                  0.32    0.42    4.93 ^ _056727_/X (sky130_fd_sc_hd__and3_2)
     1    0.06                           _019630_ (net)
                  0.32    0.02    4.96 ^ _056728_/A (sky130_fd_sc_hd__buf_1)
                  0.40    0.39    5.35 ^ _056728_/X (sky130_fd_sc_hd__buf_1)
     1    0.03                           io_fdi_lpConfigCredit (net)
                  0.40    0.00    5.35 ^ io_fdi_lpConfigCredit (out)
                                  5.35   data arrival time

                  0.00   10.00   10.00   clock clk (rise edge)
                          0.00   10.00   clock network delay (ideal)
                         -0.25    9.75   clock uncertainty
                          0.00    9.75   clock reconvergence pessimism
                         -2.00    7.75   output external delay
                                  7.75   data required time
-----------------------------------------------------------------------------
                                  7.75   data required time
                                 -5.35   data arrival time
-----------------------------------------------------------------------------
                                  2.40   slack (MET)



===========================================================================
report_checks --slack_max -0.01
============================================================================
No paths found.
