
===========================================================================
report_checks -path_delay min (Hold)
============================================================================
Startpoint: io_rdi_plSpeedMode[0] (input port clocked by clk)
Endpoint: io_fdi_plSpeedMode[0] (output port clocked by clk)
Path Group: clk
Path Type: min

Fanout     Cap    Slew   Delay    Time   Description
-----------------------------------------------------------------------------
                  0.00    0.00    0.00   clock clk (rise edge)
                          0.00    0.00   clock network delay (ideal)
                          2.00    2.00 v input external delay
                  0.01    0.00    2.00 v io_rdi_plSpeedMode[0] (in)
     1    0.00                           io_rdi_plSpeedMode[0] (net)
                  0.01    0.00    2.00 v _129058_/A (sky130_fd_sc_hd__buf_2)
                  0.10    0.16    2.17 v _129058_/X (sky130_fd_sc_hd__buf_2)
     1    0.03                           io_fdi_plSpeedMode[0] (net)
                  0.10    0.00    2.17 v io_fdi_plSpeedMode[0] (out)
                                  2.17   data arrival time

                  0.00    0.00    0.00   clock clk (rise edge)
                          0.00    0.00   clock network delay (ideal)
                          0.25    0.25   clock uncertainty
                          0.00    0.25   clock reconvergence pessimism
                         -2.00   -1.75   output external delay
                                 -1.75   data required time
-----------------------------------------------------------------------------
                                 -1.75   data required time
                                 -2.17   data arrival time
-----------------------------------------------------------------------------
                                  3.92   slack (MET)


Startpoint: io_rdi_plSpeedMode[1] (input port clocked by clk)
Endpoint: io_fdi_plSpeedMode[1] (output port clocked by clk)
Path Group: clk
Path Type: min

Fanout     Cap    Slew   Delay    Time   Description
-----------------------------------------------------------------------------
                  0.00    0.00    0.00   clock clk (rise edge)
                          0.00    0.00   clock network delay (ideal)
                          2.00    2.00 v input external delay
                  0.01    0.00    2.00 v io_rdi_plSpeedMode[1] (in)
     1    0.00                           io_rdi_plSpeedMode[1] (net)
                  0.01    0.00    2.00 v _129059_/A (sky130_fd_sc_hd__buf_2)
                  0.11    0.17    2.18 v _129059_/X (sky130_fd_sc_hd__buf_2)
     1    0.03                           io_fdi_plSpeedMode[1] (net)
                  0.11    0.00    2.18 v io_fdi_plSpeedMode[1] (out)
                                  2.18   data arrival time

                  0.00    0.00    0.00   clock clk (rise edge)
                          0.00    0.00   clock network delay (ideal)
                          0.25    0.25   clock uncertainty
                          0.00    0.25   clock reconvergence pessimism
                         -2.00   -1.75   output external delay
                                 -1.75   data required time
-----------------------------------------------------------------------------
                                 -1.75   data required time
                                 -2.18   data arrival time
-----------------------------------------------------------------------------
                                  3.93   slack (MET)


Startpoint: io_rdi_plSpeedMode[2] (input port clocked by clk)
Endpoint: io_fdi_plSpeedMode[2] (output port clocked by clk)
Path Group: clk
Path Type: min

Fanout     Cap    Slew   Delay    Time   Description
-----------------------------------------------------------------------------
                  0.00    0.00    0.00   clock clk (rise edge)
                          0.00    0.00   clock network delay (ideal)
                          2.00    2.00 v input external delay
                  0.09    0.07    2.07 v io_rdi_plSpeedMode[2] (in)
     1    0.04                           io_rdi_plSpeedMode[2] (net)
                  0.10    0.00    2.07 v _129060_/A (sky130_fd_sc_hd__buf_2)
                  0.09    0.19    2.26 v _129060_/X (sky130_fd_sc_hd__buf_2)
     1    0.03                           io_fdi_plSpeedMode[2] (net)
                  0.09    0.00    2.26 v io_fdi_plSpeedMode[2] (out)
                                  2.26   data arrival time

                  0.00    0.00    0.00   clock clk (rise edge)
                          0.00    0.00   clock network delay (ideal)
                          0.25    0.25   clock uncertainty
                          0.00    0.25   clock reconvergence pessimism
                         -2.00   -1.75   output external delay
                                 -1.75   data required time
-----------------------------------------------------------------------------
                                 -1.75   data required time
                                 -2.26   data arrival time
-----------------------------------------------------------------------------
                                  4.01   slack (MET)


Startpoint: io_rdi_plLinkWidth[2] (input port clocked by clk)
Endpoint: io_fdi_plLinkWidth[2] (output port clocked by clk)
Path Group: clk
Path Type: min

Fanout     Cap    Slew   Delay    Time   Description
-----------------------------------------------------------------------------
                  0.00    0.00    0.00   clock clk (rise edge)
                          0.00    0.00   clock network delay (ideal)
                          2.00    2.00 v input external delay
                  0.13    0.10    2.10 v io_rdi_plLinkWidth[2] (in)
     1    0.06                           io_rdi_plLinkWidth[2] (net)
                  0.14    0.00    2.10 v _129057_/A (sky130_fd_sc_hd__buf_2)
                  0.09    0.21    2.31 v _129057_/X (sky130_fd_sc_hd__buf_2)
     1    0.03                           io_fdi_plLinkWidth[2] (net)
                  0.09    0.00    2.31 v io_fdi_plLinkWidth[2] (out)
                                  2.31   data arrival time

                  0.00    0.00    0.00   clock clk (rise edge)
                          0.00    0.00   clock network delay (ideal)
                          0.25    0.25   clock uncertainty
                          0.00    0.25   clock reconvergence pessimism
                         -2.00   -1.75   output external delay
                                 -1.75   data required time
-----------------------------------------------------------------------------
                                 -1.75   data required time
                                 -2.31   data arrival time
-----------------------------------------------------------------------------
                                  4.06   slack (MET)


Startpoint: io_rdi_plLinkWidth[1] (input port clocked by clk)
Endpoint: io_fdi_plLinkWidth[1] (output port clocked by clk)
Path Group: clk
Path Type: min

Fanout     Cap    Slew   Delay    Time   Description
-----------------------------------------------------------------------------
                  0.00    0.00    0.00   clock clk (rise edge)
                          0.00    0.00   clock network delay (ideal)
                          2.00    2.00 v input external delay
                  0.01    0.00    2.00 v io_rdi_plLinkWidth[1] (in)
     1    0.00                           io_rdi_plLinkWidth[1] (net)
                  0.01    0.00    2.00 v _129056_/A (sky130_fd_sc_hd__buf_2)
                  0.46    0.35    2.35 v _129056_/X (sky130_fd_sc_hd__buf_2)
     1    0.03                           io_fdi_plLinkWidth[1] (net)
                  0.65    0.22    2.57 v io_fdi_plLinkWidth[1] (out)
                                  2.57   data arrival time

                  0.00    0.00    0.00   clock clk (rise edge)
                          0.00    0.00   clock network delay (ideal)
                          0.25    0.25   clock uncertainty
                          0.00    0.25   clock reconvergence pessimism
                         -2.00   -1.75   output external delay
                                 -1.75   data required time
-----------------------------------------------------------------------------
                                 -1.75   data required time
                                 -2.57   data arrival time
-----------------------------------------------------------------------------
                                  4.32   slack (MET)


