Wed Jul 10 02:23:41 UTC 2024 - Executing "openroad -exit -no_init -python /openlane/scripts/odbpy/lefutil.py get_metal_layers -o /openlane/designs/D2DAdapter/runs/RUN_2024.07.10_02.23.41/tmp/layers.list /home/zerotoasic/asic_tools/pdk/sky130A/libs.ref/sky130_fd_sc_hd/techlef/sky130_fd_sc_hd__nom.tlef"

Wed Jul 10 02:23:41 UTC 2024 - Executing "/openlane/scripts/mergeLef.py -o /openlane/designs/D2DAdapter/runs/RUN_2024.07.10_02.23.41/tmp/merged.nom.lef -i /home/zerotoasic/asic_tools/pdk/sky130A/libs.ref/sky130_fd_sc_hd/techlef/sky130_fd_sc_hd__nom.tlef {/home/zerotoasic/asic_tools/pdk/sky130A/libs.ref/sky130_fd_sc_hd/lef/sky130_fd_sc_hd.lef /home/zerotoasic/asic_tools/pdk/sky130A/libs.ref/sky130_fd_sc_hd/lef/sky130_ef_sc_hd.lef} |& tee /dev/null"

Wed Jul 10 02:23:41 UTC 2024 - Executing "/openlane/scripts/mergeLef.py -o /openlane/designs/D2DAdapter/runs/RUN_2024.07.10_02.23.41/tmp/merged.min.lef -i /home/zerotoasic/asic_tools/pdk/sky130A/libs.ref/sky130_fd_sc_hd/techlef/sky130_fd_sc_hd__min.tlef {/home/zerotoasic/asic_tools/pdk/sky130A/libs.ref/sky130_fd_sc_hd/lef/sky130_fd_sc_hd.lef /home/zerotoasic/asic_tools/pdk/sky130A/libs.ref/sky130_fd_sc_hd/lef/sky130_ef_sc_hd.lef} |& tee /dev/null"

Wed Jul 10 02:23:41 UTC 2024 - Executing "/openlane/scripts/mergeLef.py -o /openlane/designs/D2DAdapter/runs/RUN_2024.07.10_02.23.41/tmp/merged.max.lef -i /home/zerotoasic/asic_tools/pdk/sky130A/libs.ref/sky130_fd_sc_hd/techlef/sky130_fd_sc_hd__max.tlef {/home/zerotoasic/asic_tools/pdk/sky130A/libs.ref/sky130_fd_sc_hd/lef/sky130_fd_sc_hd.lef /home/zerotoasic/asic_tools/pdk/sky130A/libs.ref/sky130_fd_sc_hd/lef/sky130_ef_sc_hd.lef} |& tee /dev/null"

Wed Jul 10 02:23:41 UTC 2024 - Executing "python3 /openlane/scripts/mergeLib.py --output /openlane/designs/D2DAdapter/runs/RUN_2024.07.10_02.23.41/tmp/synthesis/merged.lib --name sky130A_merged /home/zerotoasic/asic_tools/pdk/sky130A/libs.ref/sky130_fd_sc_hd/lib/sky130_fd_sc_hd__tt_025C_1v80.lib"

Wed Jul 10 02:23:42 UTC 2024 - Executing "python3 /openlane/scripts/libtrim.py --cell-file /openlane/designs/D2DAdapter/runs/RUN_2024.07.10_02.23.41/tmp/synthesis/trimmed.lib.exclude.list --output /openlane/designs/D2DAdapter/runs/RUN_2024.07.10_02.23.41/tmp/synthesis/trimmed.lib /openlane/designs/D2DAdapter/runs/RUN_2024.07.10_02.23.41/tmp/synthesis/merged.lib"

Wed Jul 10 02:23:42 UTC 2024 - Executing "python3 /openlane/scripts/libtrim.py --cell-file /openlane/designs/D2DAdapter/runs/RUN_2024.07.10_02.23.41/tmp/cts/cts.lib.exclude.list --output /openlane/designs/D2DAdapter/runs/RUN_2024.07.10_02.23.41/tmp/cts/cts.lib /home/zerotoasic/asic_tools/pdk/sky130A/libs.ref/sky130_fd_sc_hd/lib/sky130_fd_sc_hd__tt_025C_1v80.lib"

Wed Jul 10 02:23:42 UTC 2024 - Executing "python3 /openlane/scripts/new_tracks.py -i /home/zerotoasic/asic_tools/pdk/sky130A/libs.tech/openlane/sky130_fd_sc_hd/tracks.info -o /openlane/designs/D2DAdapter/runs/RUN_2024.07.10_02.23.41/tmp/routing/config.tracks"

Wed Jul 10 02:23:42 UTC 2024 - Executing "echo {OpenLane cb59d1f84deb5cedbb5b0a3e3f3b4129a967c988} > /openlane/designs/D2DAdapter/runs/RUN_2024.07.10_02.23.41/OPENLANE_VERSION"

Wed Jul 10 02:23:42 UTC 2024 - Executing "sed -E {s/^([[:space:]]+)pg_pin(.*)/\1pin\2\n\1    direction : "inout";/g} /home/zerotoasic/asic_tools/pdk/sky130A/libs.ref/sky130_fd_sc_hd/lib/sky130_fd_sc_hd__tt_025C_1v80.lib > /openlane/designs/D2DAdapter/runs/RUN_2024.07.10_02.23.41/tmp/synthesis/1-sky130_fd_sc_hd__tt_025C_1v80.no_pg.lib"

Wed Jul 10 02:23:42 UTC 2024 - Executing "sed -E {s/^([[:space:]]+)pg_pin(.*)/\1pin\2\n\1    direction : "inout";/g} /openlane/designs/D2DAdapter/runs/RUN_2024.07.10_02.23.41/tmp/synthesis/trimmed.lib > /openlane/designs/D2DAdapter/runs/RUN_2024.07.10_02.23.41/tmp/synthesis/1-trimmed.no_pg.lib"

Wed Jul 10 02:23:42 UTC 2024 - Executing "yosys -c /openlane/scripts/yosys/synth.tcl |& tee /dev/null /openlane/designs/D2DAdapter/runs/RUN_2024.07.10_02.23.41/logs/synthesis/1-synthesis.log"

Wed Jul 10 02:25:11 UTC 2024 - Executing "sed -i -e {s/\(set ::env(CURRENT_NETLIST)\).*/\1 \/openlane\/designs\/D2DAdapter\/runs\/RUN_2024.07.10_02.23.41\/results\/synthesis\/D2DAdapter.v/} /openlane/designs/D2DAdapter/runs/RUN_2024.07.10_02.23.41/config.tcl"

Wed Jul 10 02:25:11 UTC 2024 - Executing "sed -i /defparam/d /openlane/designs/D2DAdapter/runs/RUN_2024.07.10_02.23.41/results/synthesis/D2DAdapter.v"

Wed Jul 10 02:25:12 UTC 2024 - Executing "openroad -exit /openlane/scripts/openroad/sta.tcl |& tee /dev/null /openlane/designs/D2DAdapter/runs/RUN_2024.07.10_02.23.41/logs/synthesis/2-sta.log"

Wed Jul 10 02:25:15 UTC 2024 - Executing "openroad -exit /openlane/scripts/openroad/floorplan.tcl |& tee /dev/null /openlane/designs/D2DAdapter/runs/RUN_2024.07.10_02.23.41/logs/floorplan/3-initial_fp.log"

Wed Jul 10 02:25:16 UTC 2024 - Executing "openroad -exit /openlane/scripts/openroad/floorplan.tcl |& tee /dev/null /openlane/designs/D2DAdapter/runs/RUN_2024.07.10_02.23.41/logs/floorplan/3-initial_fp.log"

Wed Jul 10 02:25:17 UTC 2024 - Executing "openroad -exit -no_init -python /openlane/scripts/odbpy/defutil.py extract_core_dims --output-data /openlane/designs/D2DAdapter/runs/RUN_2024.07.10_02.23.41/tmp/dimensions.txt --input-lef /openlane/designs/D2DAdapter/runs/RUN_2024.07.10_02.23.41/tmp/merged.nom.lef /openlane/designs/D2DAdapter/runs/RUN_2024.07.10_02.23.41/tmp/floorplan/3-initial_fp.def"

Wed Jul 10 02:25:18 UTC 2024 - Executing "openroad -exit /openlane/scripts/openroad/ioplacer.tcl |& tee /dev/null /openlane/designs/D2DAdapter/runs/RUN_2024.07.10_02.23.41/logs/floorplan/4-io.log"

Wed Jul 10 02:25:19 UTC 2024 - Executing "openroad -exit /openlane/scripts/openroad/tapcell.tcl |& tee /dev/null /openlane/designs/D2DAdapter/runs/RUN_2024.07.10_02.23.41/logs/floorplan/5-tap.log"

Wed Jul 10 02:25:20 UTC 2024 - Executing "openroad -exit /openlane/scripts/openroad/pdn.tcl |& tee /dev/null /openlane/designs/D2DAdapter/runs/RUN_2024.07.10_02.23.41/logs/floorplan/6-pdn.log"

Wed Jul 10 02:25:23 UTC 2024 - Executing "openroad -exit /openlane/scripts/openroad/gpl.tcl |& tee /dev/null /openlane/designs/D2DAdapter/runs/RUN_2024.07.10_02.23.41/logs/placement/7-global.log"

Wed Jul 10 02:28:01 UTC 2024 - Executing "openroad -exit /openlane/scripts/openroad/resizer.tcl |& tee /dev/null /openlane/designs/D2DAdapter/runs/RUN_2024.07.10_02.23.41/logs/placement/8-resizer.log"

Wed Jul 10 02:28:30 UTC 2024 - Executing "sed -i -e {s/\(set ::env(CURRENT_NETLIST)\).*/\1 \/openlane\/designs\/D2DAdapter\/runs\/RUN_2024.07.10_02.23.41\/tmp\/placement\/8-resizer.nl.v/} /openlane/designs/D2DAdapter/runs/RUN_2024.07.10_02.23.41/config.tcl"

Wed Jul 10 02:28:30 UTC 2024 - Executing "openroad -exit /openlane/scripts/openroad/dpl.tcl |& tee /dev/null /openlane/designs/D2DAdapter/runs/RUN_2024.07.10_02.23.41/logs/placement/9-detailed.log"

Wed Jul 10 02:28:32 UTC 2024 - Executing "sed -i -e {s/\(set ::env(CURRENT_NETLIST)\).*/\1 \/openlane\/designs\/D2DAdapter\/runs\/RUN_2024.07.10_02.23.41\/results\/placement\/D2DAdapter.nl.v/} /openlane/designs/D2DAdapter/runs/RUN_2024.07.10_02.23.41/config.tcl"

Wed Jul 10 02:28:32 UTC 2024 - Executing "openroad -exit /openlane/scripts/openroad/cts.tcl |& tee /dev/null /openlane/designs/D2DAdapter/runs/RUN_2024.07.10_02.23.41/logs/cts/10-cts.log"

Wed Jul 10 02:29:05 UTC 2024 - Executing "openroad -exit /openlane/scripts/openroad/resizer_timing.tcl |& tee /dev/null /openlane/designs/D2DAdapter/runs/RUN_2024.07.10_02.23.41/logs/cts/11-resizer.log"

Wed Jul 10 02:29:19 UTC 2024 - Executing "sed -i -e {s/\(set ::env(CURRENT_NETLIST)\).*/\1 \/openlane\/designs\/D2DAdapter\/runs\/RUN_2024.07.10_02.23.41\/tmp\/cts\/11-D2DAdapter.resized.nl.v/} /openlane/designs/D2DAdapter/runs/RUN_2024.07.10_02.23.41/config.tcl"

Wed Jul 10 02:29:19 UTC 2024 - Executing "openroad -exit /openlane/scripts/openroad/resizer_routing_timing.tcl |& tee /dev/null /openlane/designs/D2DAdapter/runs/RUN_2024.07.10_02.23.41/logs/routing/12-resizer.log"

Wed Jul 10 02:29:36 UTC 2024 - Executing "sed -i -e {s/\(set ::env(CURRENT_NETLIST)\).*/\1 \/openlane\/designs\/D2DAdapter\/runs\/RUN_2024.07.10_02.23.41\/tmp\/12-D2DAdapter.nl.v/} /openlane/designs/D2DAdapter/runs/RUN_2024.07.10_02.23.41/config.tcl"

Wed Jul 10 02:29:36 UTC 2024 - Executing "openroad -exit /openlane/scripts/openroad/dpl.tcl |& tee /dev/null /openlane/designs/D2DAdapter/runs/RUN_2024.07.10_02.23.41/logs/routing/13-diode_legalization.log"

Wed Jul 10 02:29:38 UTC 2024 - Executing "sed -i -e {s/\(set ::env(CURRENT_NETLIST)\).*/\1 \/openlane\/designs\/D2DAdapter\/runs\/RUN_2024.07.10_02.23.41\/tmp\/routing\/diode.nl.v/} /openlane/designs/D2DAdapter/runs/RUN_2024.07.10_02.23.41/config.tcl"

Wed Jul 10 02:29:38 UTC 2024 - Executing "openroad -exit /openlane/scripts/openroad/groute.tcl |& tee /dev/null /openlane/designs/D2DAdapter/runs/RUN_2024.07.10_02.23.41/logs/routing/14-global.log"

Wed Jul 10 02:30:05 UTC 2024 - Executing "openroad -exit -no_init -python /openlane/scripts/odbpy/defutil.py replace_instance_prefixes --original-prefix ANTENNA --new-prefix INSDIODE1 --input-lef /openlane/designs/D2DAdapter/runs/RUN_2024.07.10_02.23.41/tmp/merged.nom.lef --output-def /openlane/designs/D2DAdapter/runs/RUN_2024.07.10_02.23.41/tmp/routing/diode.def --output /openlane/designs/D2DAdapter/runs/RUN_2024.07.10_02.23.41/tmp/routing/diode.odb /openlane/designs/D2DAdapter/runs/RUN_2024.07.10_02.23.41/tmp/routing/diode.odb |& tee /dev/null /openlane/designs/D2DAdapter/runs/RUN_2024.07.10_02.23.41/logs/routing/14-antenna_diodes_1.log"

Wed Jul 10 02:30:07 UTC 2024 - Executing "openroad -exit /openlane/scripts/openroad/groute.tcl |& tee /dev/null /openlane/designs/D2DAdapter/runs/RUN_2024.07.10_02.23.41/logs/routing/14-antenna_route_1.log"

Wed Jul 10 02:30:33 UTC 2024 - Executing "openroad -exit /openlane/scripts/openroad/write_views.tcl |& tee /dev/null /openlane/designs/D2DAdapter/runs/RUN_2024.07.10_02.23.41/logs/routing/14-global_write_netlist.log"

Wed Jul 10 02:30:34 UTC 2024 - Executing "sed -i -e {s/\(set ::env(CURRENT_NETLIST)\).*/\1 \/openlane\/designs\/D2DAdapter\/runs\/RUN_2024.07.10_02.23.41\/tmp\/routing\/global.nl.v/} /openlane/designs/D2DAdapter/runs/RUN_2024.07.10_02.23.41/config.tcl"

Wed Jul 10 02:30:34 UTC 2024 - Executing "openroad -exit /openlane/scripts/openroad/fill.tcl |& tee /dev/null /openlane/designs/D2DAdapter/runs/RUN_2024.07.10_02.23.41/logs/routing/16-fill.log"

Wed Jul 10 02:30:36 UTC 2024 - Executing "sed -i -e {s/\(set ::env(CURRENT_NETLIST)\).*/\1 \/openlane\/designs\/D2DAdapter\/runs\/RUN_2024.07.10_02.23.41\/tmp\/routing\/16-fill.nl.v/} /openlane/designs/D2DAdapter/runs/RUN_2024.07.10_02.23.41/config.tcl"

Wed Jul 10 02:30:36 UTC 2024 - Executing "openroad -exit /openlane/scripts/openroad/droute.tcl |& tee /dev/null /openlane/designs/D2DAdapter/runs/RUN_2024.07.10_02.23.41/logs/routing/17-detailed.log"

Wed Jul 10 03:00:06 UTC 2024 - Executing "sed -i -e {s/\(set ::env(CURRENT_NETLIST)\).*/\1 \/openlane\/designs\/D2DAdapter\/runs\/RUN_2024.07.10_02.23.41\/results\/routing\/D2DAdapter.nl.v/} /openlane/designs/D2DAdapter/runs/RUN_2024.07.10_02.23.41/config.tcl"

Wed Jul 10 03:00:06 UTC 2024 - Executing "python3 /openlane/scripts/drc_rosetta.py tr to_klayout -o /openlane/designs/D2DAdapter/runs/RUN_2024.07.10_02.23.41/reports/routing/drt.klayout.xml --design-name D2DAdapter /openlane/designs/D2DAdapter/runs/RUN_2024.07.10_02.23.41/reports/routing/drt.drc"

Wed Jul 10 03:00:06 UTC 2024 - Executing "openroad -exit -no_init -python /openlane/scripts/odbpy/wire_lengths.py --report-out /openlane/designs/D2DAdapter/runs/RUN_2024.07.10_02.23.41/reports/routing/18-wire_lengths.csv --input-lef /openlane/designs/D2DAdapter/runs/RUN_2024.07.10_02.23.41/tmp/merged.nom.lef --output-def /dev/null --output /openlane/designs/D2DAdapter/runs/RUN_2024.07.10_02.23.41/results/routing/D2DAdapter.odb /openlane/designs/D2DAdapter/runs/RUN_2024.07.10_02.23.41/results/routing/D2DAdapter.odb |& tee /dev/null /openlane/designs/D2DAdapter/runs/RUN_2024.07.10_02.23.41/logs/routing/18-wire_lengths.log"

Wed Jul 10 03:00:10 UTC 2024 - Executing "openroad -exit /openlane/scripts/openroad/rcx.tcl |& tee /dev/null /openlane/designs/D2DAdapter/runs/RUN_2024.07.10_02.23.41/logs/signoff/19-parasitics_extraction.min.log"

Wed Jul 10 03:00:29 UTC 2024 - Executing "openroad -exit /openlane/scripts/openroad/sta_multi_corner.tcl |& tee /dev/null /openlane/designs/D2DAdapter/runs/RUN_2024.07.10_02.23.41/logs/signoff/20-rcx_mcsta.min.log"

Wed Jul 10 03:02:27 UTC 2024 - Executing "openroad -exit /openlane/scripts/openroad/rcx.tcl |& tee /dev/null /openlane/designs/D2DAdapter/runs/RUN_2024.07.10_02.23.41/logs/signoff/21-parasitics_extraction.max.log"

Wed Jul 10 03:02:46 UTC 2024 - Executing "openroad -exit /openlane/scripts/openroad/sta_multi_corner.tcl |& tee /dev/null /openlane/designs/D2DAdapter/runs/RUN_2024.07.10_02.23.41/logs/signoff/22-rcx_mcsta.max.log"

Wed Jul 10 03:04:50 UTC 2024 - Executing "openroad -exit /openlane/scripts/openroad/rcx.tcl |& tee /dev/null /openlane/designs/D2DAdapter/runs/RUN_2024.07.10_02.23.41/logs/signoff/23-parasitics_extraction.nom.log"

Wed Jul 10 03:05:09 UTC 2024 - Executing "openroad -exit /openlane/scripts/openroad/sta_multi_corner.tcl |& tee /dev/null /openlane/designs/D2DAdapter/runs/RUN_2024.07.10_02.23.41/logs/signoff/24-rcx_mcsta.nom.log"

Wed Jul 10 03:07:09 UTC 2024 - Executing "openroad -exit /openlane/scripts/openroad/sta.tcl |& tee /dev/null /openlane/designs/D2DAdapter/runs/RUN_2024.07.10_02.23.41/logs/signoff/25-rcx_sta.log"

Wed Jul 10 03:07:46 UTC 2024 - Executing "openroad -exit /openlane/scripts/openroad/irdrop.tcl |& tee /dev/null /openlane/designs/D2DAdapter/runs/RUN_2024.07.10_02.23.41/logs/signoff/26-irdrop.log"

Wed Jul 10 03:07:51 UTC 2024 - Executing "magic -noconsole -dnull -rcfile /home/zerotoasic/asic_tools/pdk/sky130A/libs.tech/magic/sky130A.magicrc < /openlane/scripts/magic/def/mag_gds.tcl |& tee /dev/null /openlane/designs/D2DAdapter/runs/RUN_2024.07.10_02.23.41/logs/signoff/27-gdsii.log"

Wed Jul 10 03:09:05 UTC 2024 - Executing "magic -noconsole -dnull -rcfile /home/zerotoasic/asic_tools/pdk/sky130A/libs.tech/magic/sky130A.magicrc < /openlane/scripts/magic/gds/mag_with_pointers.tcl |& tee /dev/null /openlane/designs/D2DAdapter/runs/RUN_2024.07.10_02.23.41/logs/signoff/27-gds_ptrs.log"

Wed Jul 10 03:09:56 UTC 2024 - Executing "sed -i -n {/^<< properties >>/,/^<< end >>/p} /openlane/designs/D2DAdapter/runs/RUN_2024.07.10_02.23.41/tmp/signoff/gds_ptrs.mag"

Wed Jul 10 03:09:56 UTC 2024 - Executing "magic -noconsole -dnull -rcfile /home/zerotoasic/asic_tools/pdk/sky130A/libs.tech/magic/sky130A.magicrc < /openlane/scripts/magic/mag/lef.tcl |& tee /dev/null /openlane/designs/D2DAdapter/runs/RUN_2024.07.10_02.23.41/logs/signoff/27-lef.log"

Wed Jul 10 03:10:45 UTC 2024 - Executing "magic -noconsole -dnull -rcfile /home/zerotoasic/asic_tools/pdk/sky130A/libs.tech/magic/sky130A.magicrc < /openlane/scripts/magic/lef/maglef.tcl |& tee /dev/null /openlane/designs/D2DAdapter/runs/RUN_2024.07.10_02.23.41/logs/signoff/27-maglef.log"

Wed Jul 10 03:10:45 UTC 2024 - Executing "klayout -b -rm /openlane/scripts/klayout/def2gds.py -rd out_gds=/openlane/designs/D2DAdapter/runs/RUN_2024.07.10_02.23.41/results/signoff/D2DAdapter.klayout.gds -rd tech_file=/home/zerotoasic/asic_tools/pdk/sky130A/libs.tech/klayout/tech/sky130A.lyt -rd design_name=D2DAdapter -rd in_def=/openlane/designs/D2DAdapter/runs/RUN_2024.07.10_02.23.41/results/routing/D2DAdapter.def -rd {in_gds=/home/zerotoasic/asic_tools/pdk/sky130A/libs.ref/sky130_fd_sc_hd/gds/sky130_fd_sc_hd.gds } -rd config_file= -rd seal_gds= -rd lef_file=/openlane/designs/D2DAdapter/runs/RUN_2024.07.10_02.23.41/tmp/merged.nom.lef |& tee /dev/null /openlane/designs/D2DAdapter/runs/RUN_2024.07.10_02.23.41/logs/signoff/28-gdsii-klayout.log"

Wed Jul 10 03:10:51 UTC 2024 - Executing "bash /openlane/scripts/klayout/xor.sh /openlane/designs/D2DAdapter/runs/RUN_2024.07.10_02.23.41/results/signoff/D2DAdapter.gds /openlane/designs/D2DAdapter/runs/RUN_2024.07.10_02.23.41/results/signoff/D2DAdapter.klayout.gds D2DAdapter /openlane/designs/D2DAdapter/runs/RUN_2024.07.10_02.23.41/reports/signoff/D2DAdapter.xor.gds |& tee /dev/null /openlane/designs/D2DAdapter/runs/RUN_2024.07.10_02.23.41/logs/signoff/29-xor.log"

Wed Jul 10 03:12:00 UTC 2024 - Executing "python3 /openlane/scripts/parse_klayout_xor_log.py -l /openlane/designs/D2DAdapter/runs/RUN_2024.07.10_02.23.41/logs/signoff/29-xor.log -o /openlane/designs/D2DAdapter/runs/RUN_2024.07.10_02.23.41/reports/signoff/29-xor.rpt"

Wed Jul 10 03:12:00 UTC 2024 - Executing "bash /openlane/scripts/klayout/xor.sh /openlane/designs/D2DAdapter/runs/RUN_2024.07.10_02.23.41/results/signoff/D2DAdapter.gds /openlane/designs/D2DAdapter/runs/RUN_2024.07.10_02.23.41/results/signoff/D2DAdapter.klayout.gds D2DAdapter /openlane/designs/D2DAdapter/runs/RUN_2024.07.10_02.23.41/reports/signoff/D2DAdapter.xor.xml |& tee /dev/null /openlane/designs/D2DAdapter/runs/RUN_2024.07.10_02.23.41/logs/signoff/29-xor.log"

Wed Jul 10 03:13:26 UTC 2024 - Executing "python3 /openlane/scripts/parse_klayout_xor_log.py -l /openlane/designs/D2DAdapter/runs/RUN_2024.07.10_02.23.41/logs/signoff/29-xor.log -o /openlane/designs/D2DAdapter/runs/RUN_2024.07.10_02.23.41/reports/signoff/29-xor.rpt"

Wed Jul 10 03:13:26 UTC 2024 - Executing "magic -noconsole -dnull -rcfile /home/zerotoasic/asic_tools/pdk/sky130A/libs.tech/magic/sky130A.magicrc < /openlane/scripts/magic/extract_spice.tcl |& tee /dev/null /openlane/designs/D2DAdapter/runs/RUN_2024.07.10_02.23.41/logs/signoff/30-spice.log"

Wed Jul 10 03:16:29 UTC 2024 - Executing "openroad -exit -no_init -python /openlane/scripts/odbpy/power_utils.py write_powered_def --output /openlane/designs/D2DAdapter/runs/RUN_2024.07.10_02.23.41/tmp/signoff/30-D2DAdapter.p.def --input-lef /openlane/designs/D2DAdapter/runs/RUN_2024.07.10_02.23.41/tmp/merged.nom.lef --power-port VPWR --ground-port VGND --powered-netlist {} /openlane/designs/D2DAdapter/runs/RUN_2024.07.10_02.23.41/results/routing/D2DAdapter.def |& tee /dev/null /openlane/designs/D2DAdapter/runs/RUN_2024.07.10_02.23.41/logs/signoff/31-write_powered_def.log"

Wed Jul 10 03:16:34 UTC 2024 - Executing "openroad -exit /openlane/scripts/openroad/write_views.tcl |& tee /dev/null /openlane/designs/D2DAdapter/runs/RUN_2024.07.10_02.23.41/logs/signoff/31-write_powered_verilog.log"

Wed Jul 10 03:16:35 UTC 2024 - Executing "sed -i -e {s/\(set ::env(CURRENT_NETLIST)\).*/\1 \/openlane\/designs\/D2DAdapter\/runs\/RUN_2024.07.10_02.23.41\/tmp\/signoff\/30-D2DAdapter.nl.v/} /openlane/designs/D2DAdapter/runs/RUN_2024.07.10_02.23.41/config.tcl"

Wed Jul 10 03:16:35 UTC 2024 - Executing "netgen -batch source /openlane/designs/D2DAdapter/runs/RUN_2024.07.10_02.23.41/tmp/signoff/33-setup_file.lef.lvs |& tee /dev/null /openlane/designs/D2DAdapter/runs/RUN_2024.07.10_02.23.41/logs/signoff/33-lvs.lef.log"

Wed Jul 10 03:16:57 UTC 2024 - Executing "magic -noconsole -dnull -rcfile /home/zerotoasic/asic_tools/pdk/sky130A/libs.tech/magic/sky130A.magicrc < /openlane/scripts/magic/drc.tcl |& tee /dev/null /openlane/designs/D2DAdapter/runs/RUN_2024.07.10_02.23.41/logs/signoff/34-drc.log"

Wed Jul 10 03:27:23 UTC 2024 - Executing "python3 /openlane/scripts/drc_rosetta.py magic to_tcl -o /openlane/designs/D2DAdapter/runs/RUN_2024.07.10_02.23.41/reports/signoff/drc.tcl /openlane/designs/D2DAdapter/runs/RUN_2024.07.10_02.23.41/reports/signoff/drc.rpt"

Wed Jul 10 03:27:23 UTC 2024 - Executing "python3 /openlane/scripts/drc_rosetta.py magic to_tr -o /openlane/designs/D2DAdapter/runs/RUN_2024.07.10_02.23.41/reports/signoff/drc.tr /openlane/designs/D2DAdapter/runs/RUN_2024.07.10_02.23.41/reports/signoff/drc.rpt"

Wed Jul 10 03:27:23 UTC 2024 - Executing "python3 /openlane/scripts/drc_rosetta.py tr to_klayout -o /openlane/designs/D2DAdapter/runs/RUN_2024.07.10_02.23.41/reports/signoff/drc.klayout.xml --design-name D2DAdapter /openlane/designs/D2DAdapter/runs/RUN_2024.07.10_02.23.41/reports/signoff/drc.tr"

Wed Jul 10 03:27:23 UTC 2024 - Executing "python3 /openlane/scripts/drc_rosetta.py magic to_rdb -o /openlane/designs/D2DAdapter/runs/RUN_2024.07.10_02.23.41/reports/signoff/drc.rdb /openlane/designs/D2DAdapter/runs/RUN_2024.07.10_02.23.41/reports/signoff/drc.rpt"

Wed Jul 10 03:27:23 UTC 2024 - Executing "openroad -exit /openlane/scripts/openroad/antenna_check.tcl |& tee /dev/null /openlane/designs/D2DAdapter/runs/RUN_2024.07.10_02.23.41/logs/signoff/35-antenna.log"

Wed Jul 10 03:27:28 UTC 2024 - Executing "python3 /openlane/scripts/extract_antenna_violators.py --output /openlane/designs/D2DAdapter/runs/RUN_2024.07.10_02.23.41/reports/signoff/35-antenna_violators.rpt /openlane/designs/D2DAdapter/runs/RUN_2024.07.10_02.23.41/logs/signoff/35-antenna.log"

Wed Jul 10 03:27:28 UTC 2024 - Executing "awk -v vdd=VPWR -v gnd=VGND -f /home/zerotoasic/asic_tools/pdk/sky130A/libs.tech/openlane/cvc/power.awk /openlane/designs/D2DAdapter/runs/RUN_2024.07.10_02.23.41/tmp/signoff/30-D2DAdapter.nl.v > /openlane/designs/D2DAdapter/runs/RUN_2024.07.10_02.23.41/tmp/signoff/D2DAdapter.power"

Wed Jul 10 03:27:28 UTC 2024 - Executing "awk -f /home/zerotoasic/asic_tools/pdk/sky130A/libs.tech/openlane/cvc/cdl.awk /home/zerotoasic/asic_tools/pdk/sky130A/libs.ref/sky130_fd_sc_hd/cdl/sky130_fd_sc_hd.cdl /openlane/designs/D2DAdapter/runs/RUN_2024.07.10_02.23.41/results/signoff/D2DAdapter.lef.spice > /openlane/designs/D2DAdapter/runs/RUN_2024.07.10_02.23.41/tmp/signoff/D2DAdapter.cdl"

Wed Jul 10 03:27:28 UTC 2024 - Executing "cvc_rv /home/zerotoasic/asic_tools/pdk/sky130A/libs.tech/openlane/cvc/cvcrc |& tee /dev/null /openlane/designs/D2DAdapter/runs/RUN_2024.07.10_02.23.41/logs/signoff/36-erc_screen.log"

Wed Jul 10 03:27:31 UTC 2024 - Executing "python3 /openlane/scripts/generate_reports.py -d /openlane/designs/D2DAdapter --design_name D2DAdapter --tag RUN_2024.07.10_02.23.41 --output_file /openlane/designs/D2DAdapter/runs/RUN_2024.07.10_02.23.41/reports/metrics.csv --man_report /openlane/designs/D2DAdapter/runs/RUN_2024.07.10_02.23.41/reports/manufacturability.rpt --run_path /openlane/designs/D2DAdapter/runs/RUN_2024.07.10_02.23.41"

