OpenROAD 7f00621cb612fd94e15b35790afe744c89d433a7 
This program is licensed under the BSD-3 license. See the LICENSE file for details.
Components of this program may be licensed under more restrictive licenses which must be honored.
[INFO ODB-0222] Reading LEF file: /openlane/designs/D2DAdapter/runs/RUN_2024.07.10_02.23.41/tmp/merged.nom.lef
[WARNING ODB-0220] WARNING (LEFPARS-2036): SOURCE statement is obsolete in version 5.6 and later.
The LEF parser will ignore this statement.
To avoid this warning in the future, remove this statement from the LEF file with version 5.6 or later. See file /openlane/designs/D2DAdapter/runs/RUN_2024.07.10_02.23.41/tmp/merged.nom.lef at line 68342.

[INFO ODB-0223]     Created 13 technology layers
[INFO ODB-0224]     Created 25 technology vias
[INFO ODB-0225]     Created 441 library cells
[INFO ODB-0226] Finished LEF file:  /openlane/designs/D2DAdapter/runs/RUN_2024.07.10_02.23.41/tmp/merged.nom.lef
[INFO ODB-0127] Reading DEF file: /openlane/designs/D2DAdapter/runs/RUN_2024.07.10_02.23.41/results/routing/D2DAdapter.def
[INFO ODB-0128] Design: D2DAdapter
[INFO ODB-0094] 		Created 100000 Insts
[INFO ODB-0094] 		Created 200000 Insts
[INFO ODB-0130]     Created 503 pins.
[INFO ODB-0131]     Created 250313 components and 1205831 component-terminals.
[INFO ODB-0132]     Created 2 special nets and 952672 connections.
[INFO ODB-0133]     Created 76778 nets and 253124 connections.
[INFO ODB-0134] Finished DEF file: /openlane/designs/D2DAdapter/runs/RUN_2024.07.10_02.23.41/results/routing/D2DAdapter.def
Using RCX ruleset '/home/zerotoasic/asic_tools/pdk/sky130A/libs.tech/openlane/rules.openrcx.sky130A.nom.calibre'...
[INFO RCX-0431] Defined process_corner X with ext_model_index 0
[INFO RCX-0029] Defined extraction corner X
[INFO RCX-0008] extracting parasitics of D2DAdapter ...
[INFO RCX-0435] Reading extraction model file /home/zerotoasic/asic_tools/pdk/sky130A/libs.tech/openlane/rules.openrcx.sky130A.nom.calibre ...
[INFO RCX-0436] RC segment generation D2DAdapter (max_merge_res 50.0) ...
[INFO RCX-0040] Final 311854 rc segments
[INFO RCX-0439] Coupling Cap extraction D2DAdapter ...
[INFO RCX-0440] Coupling threshhold is 0.1000 fF, coupling capacitance less than 0.1000 fF will be grounded.
[INFO RCX-0043] 676937 wires to be extracted
[INFO RCX-0442] 17% completion -- 120020 wires have been extracted
[INFO RCX-0442] 52% completion -- 353451 wires have been extracted
[INFO RCX-0442] 67% completion -- 457192 wires have been extracted
[INFO RCX-0442] 100% completion -- 676937 wires have been extracted
[INFO RCX-0045] Extract 76778 nets, 388606 rsegs, 388606 caps, 899959 ccs
[INFO RCX-0015] Finished extracting D2DAdapter.
Writing result to /openlane/designs/D2DAdapter/runs/RUN_2024.07.10_02.23.41/results/routing/mca/process_corner_nom/D2DAdapter.spef...
Setting global connections for newly added cells...
[WARNING] Did not save OpenROAD database!
Writing extracted parasitics to /openlane/designs/D2DAdapter/runs/RUN_2024.07.10_02.23.41/results/routing/mca/process_corner_nom/D2DAdapter.spef...
[INFO RCX-0016] Writing SPEF ...
[INFO RCX-0443] 76778 nets finished
[INFO RCX-0017] Finished writing SPEF ...
