OpenROAD 7f00621cb612fd94e15b35790afe744c89d433a7 
This program is licensed under the BSD-3 license. See the LICENSE file for details.
Components of this program may be licensed under more restrictive licenses which must be honored.
[INFO ODB-0222] Reading LEF file: /openlane/designs/D2DAdapter/runs/RUN_2024.07.10_02.23.41/tmp/merged.nom.lef
[WARNING ODB-0220] WARNING (LEFPARS-2036): SOURCE statement is obsolete in version 5.6 and later.
The LEF parser will ignore this statement.
To avoid this warning in the future, remove this statement from the LEF file with version 5.6 or later. See file /openlane/designs/D2DAdapter/runs/RUN_2024.07.10_02.23.41/tmp/merged.nom.lef at line 68342.

[INFO ODB-0223]     Created 13 technology layers
[INFO ODB-0224]     Created 25 technology vias
[INFO ODB-0225]     Created 441 library cells
[INFO ODB-0226] Finished LEF file:  /openlane/designs/D2DAdapter/runs/RUN_2024.07.10_02.23.41/tmp/merged.nom.lef
[INFO ODB-0127] Reading DEF file: /openlane/designs/D2DAdapter/runs/RUN_2024.07.10_02.23.41/results/routing/D2DAdapter.def
[INFO ODB-0128] Design: D2DAdapter
[INFO ODB-0094] 		Created 100000 Insts
[INFO ODB-0094] 		Created 200000 Insts
[INFO ODB-0130]     Created 503 pins.
[INFO ODB-0131]     Created 250313 components and 1205831 component-terminals.
[INFO ODB-0132]     Created 2 special nets and 952672 connections.
[INFO ODB-0133]     Created 76778 nets and 253124 connections.
[INFO ODB-0134] Finished DEF file: /openlane/designs/D2DAdapter/runs/RUN_2024.07.10_02.23.41/results/routing/D2DAdapter.def
Top-level design name: D2DAdapter
Found default power net 'VPWR'
Found default ground net 'VGND'
Found 1 power ports.
Found 1 ground ports.
Modified power connections of 250313/250313 cells.
