
24. Printing statistics.

=== D2DAdapter ===

   Number of wires:              73554
   Number of wire bits:          73972
   Number of public wires:       18217
   Number of public wire bits:   18635
   Number of memories:               0
   Number of memory bits:            0
   Number of processes:              0
   Number of cells:              73725
     sky130_fd_sc_hd__a2111o_2       6
     sky130_fd_sc_hd__a2111oi_2      1
     sky130_fd_sc_hd__a211o_2       64
     sky130_fd_sc_hd__a211oi_2       3
     sky130_fd_sc_hd__a21bo_2        9
     sky130_fd_sc_hd__a21boi_2       3
     sky130_fd_sc_hd__a21o_2       551
     sky130_fd_sc_hd__a21oi_2      335
     sky130_fd_sc_hd__a221o_2      905
     sky130_fd_sc_hd__a22o_2       198
     sky130_fd_sc_hd__a22oi_2       77
     sky130_fd_sc_hd__a2bb2o_2      35
     sky130_fd_sc_hd__a311o_2       76
     sky130_fd_sc_hd__a311oi_2       2
     sky130_fd_sc_hd__a31o_2       242
     sky130_fd_sc_hd__a31oi_2        2
     sky130_fd_sc_hd__a32o_2       352
     sky130_fd_sc_hd__a32oi_2        8
     sky130_fd_sc_hd__a41o_2         3
     sky130_fd_sc_hd__and2_2       402
     sky130_fd_sc_hd__and2b_2       47
     sky130_fd_sc_hd__and3_2        77
     sky130_fd_sc_hd__and3b_2       28
     sky130_fd_sc_hd__and4_2         3
     sky130_fd_sc_hd__and4b_2        4
     sky130_fd_sc_hd__and4bb_2       3
     sky130_fd_sc_hd__buf_1      23715
     sky130_fd_sc_hd__buf_2          7
     sky130_fd_sc_hd__conb_1        35
     sky130_fd_sc_hd__dfxtp_2    18300
     sky130_fd_sc_hd__inv_2         93
     sky130_fd_sc_hd__mux2_2     19657
     sky130_fd_sc_hd__mux4_2      3348
     sky130_fd_sc_hd__nand2_2      921
     sky130_fd_sc_hd__nand3_2        7
     sky130_fd_sc_hd__nand3b_2       6
     sky130_fd_sc_hd__nand4_2        5
     sky130_fd_sc_hd__nand4b_2       2
     sky130_fd_sc_hd__nor2_2       250
     sky130_fd_sc_hd__nor2b_2        1
     sky130_fd_sc_hd__nor3_2        17
     sky130_fd_sc_hd__nor3b_2        1
     sky130_fd_sc_hd__nor4_2         5
     sky130_fd_sc_hd__o2111a_2       5
     sky130_fd_sc_hd__o2111ai_2      1
     sky130_fd_sc_hd__o211a_2      631
     sky130_fd_sc_hd__o211ai_2      46
     sky130_fd_sc_hd__o21a_2       913
     sky130_fd_sc_hd__o21ai_2       87
     sky130_fd_sc_hd__o21ba_2        6
     sky130_fd_sc_hd__o21bai_2       2
     sky130_fd_sc_hd__o221a_2      163
     sky130_fd_sc_hd__o221ai_2       6
     sky130_fd_sc_hd__o22a_2       165
     sky130_fd_sc_hd__o22ai_2        3
     sky130_fd_sc_hd__o2bb2a_2      21
     sky130_fd_sc_hd__o311a_2       40
     sky130_fd_sc_hd__o311ai_2       1
     sky130_fd_sc_hd__o31a_2        48
     sky130_fd_sc_hd__o32a_2         6
     sky130_fd_sc_hd__o32ai_2        1
     sky130_fd_sc_hd__o41a_2         3
     sky130_fd_sc_hd__o41ai_2        1
     sky130_fd_sc_hd__or2_2       1554
     sky130_fd_sc_hd__or2b_2        30
     sky130_fd_sc_hd__or3_2         40
     sky130_fd_sc_hd__or3b_2        36
     sky130_fd_sc_hd__or4_2         29
     sky130_fd_sc_hd__or4b_2         8
     sky130_fd_sc_hd__or4bb_2        2
     sky130_fd_sc_hd__xnor2_2       59
     sky130_fd_sc_hd__xor2_2        12

   Chip area for module '\D2DAdapter': 849947.667200

