
===========================================================================
report_checks -unconstrained
============================================================================
Startpoint: io_fdi_lpRxActiveStatus (input port clocked by clk)
Endpoint: io_fdi_lpConfigCredit (output port clocked by clk)
Path Group: clk
Path Type: max

Fanout     Cap    Slew   Delay    Time   Description
-----------------------------------------------------------------------------
                  0.00    0.00    0.00   clock clk (rise edge)
                          0.00    0.00   clock network delay (ideal)
                          2.00    2.00 v input external delay
                  0.02    0.01    2.01 v io_fdi_lpRxActiveStatus (in)
     2    0.01                           io_fdi_lpRxActiveStatus (net)
                  0.02    0.00    2.01 v _056543_/B (sky130_fd_sc_hd__and3b_2)
                  0.06    0.22    2.23 v _056543_/X (sky130_fd_sc_hd__and3b_2)
     4    0.01                           _019446_ (net)
                  0.06    0.00    2.23 v _056546_/A2 (sky130_fd_sc_hd__o21bai_2)
                  0.13    0.14    2.37 ^ _056546_/Y (sky130_fd_sc_hd__o21bai_2)
     2    0.01                           _019449_ (net)
                  0.13    0.00    2.37 ^ _056547_/A2 (sky130_fd_sc_hd__a21oi_2)
                  0.05    0.07    2.44 v _056547_/Y (sky130_fd_sc_hd__a21oi_2)
     2    0.00                           _019450_ (net)
                  0.05    0.00    2.44 v _056548_/B (sky130_fd_sc_hd__or2_2)
                  0.06    0.29    2.73 v _056548_/X (sky130_fd_sc_hd__or2_2)
     2    0.00                           _019451_ (net)
                  0.06    0.00    2.73 v _056551_/B (sky130_fd_sc_hd__or3b_2)
                  0.12    0.53    3.25 v _056551_/X (sky130_fd_sc_hd__or3b_2)
     6    0.01                           _019454_ (net)
                  0.12    0.00    3.25 v _056723_/A2 (sky130_fd_sc_hd__a211oi_2)
                  0.26    0.33    3.59 ^ _056723_/Y (sky130_fd_sc_hd__a211oi_2)
     6    0.01                           _019626_ (net)
                  0.26    0.00    3.59 ^ _056726_/A1 (sky130_fd_sc_hd__a21o_2)
                  0.09    0.23    3.81 ^ _056726_/X (sky130_fd_sc_hd__a21o_2)
     6    0.02                           _019629_ (net)
                  0.09    0.00    3.81 ^ _056727_/C (sky130_fd_sc_hd__and3_2)
                  0.04    0.18    4.00 ^ _056727_/X (sky130_fd_sc_hd__and3_2)
     1    0.00                           _019630_ (net)
                  0.04    0.00    4.00 ^ _056728_/A (sky130_fd_sc_hd__buf_1)
                  0.40    0.34    4.33 ^ _056728_/X (sky130_fd_sc_hd__buf_1)
     1    0.03                           io_fdi_lpConfigCredit (net)
                  0.40    0.00    4.33 ^ io_fdi_lpConfigCredit (out)
                                  4.33   data arrival time

                  0.00   10.00   10.00   clock clk (rise edge)
                          0.00   10.00   clock network delay (ideal)
                         -0.25    9.75   clock uncertainty
                          0.00    9.75   clock reconvergence pessimism
                         -2.00    7.75   output external delay
                                  7.75   data required time
-----------------------------------------------------------------------------
                                  7.75   data required time
                                 -4.33   data arrival time
-----------------------------------------------------------------------------
                                  3.42   slack (MET)



===========================================================================
report_checks --slack_max -0.01
============================================================================
No paths found.
