OpenROAD 7f00621cb612fd94e15b35790afe744c89d433a7 
This program is licensed under the BSD-3 license. See the LICENSE file for details.
Components of this program may be licensed under more restrictive licenses which must be honored.
[INFO PDN-0001] Inserting grid: stdcell_grid
[WARNING PSM-0016] Voltage pad location (VSRC) file not specified, defaulting pad location to checkerboard pattern on core area.
[WARNING PSM-0017] X direction bump pitch is not specified, defaulting to 140um.
[WARNING PSM-0018] Y direction bump pitch is not specified, defaulting to 140um.
[WARNING PSM-0019] Voltage on net VPWR is not explicitly set.
[WARNING PSM-0022] Using voltage 1.800V for VDD network.
[WARNING PSM-0065] VSRC location not specified, using default checkerboard pattern with one VDD every size bumps in x-direction and one in two bumps in the y-direction
[INFO PSM-0076] Setting metal node density to be standard cell height times 5.
[WARNING PSM-0030] VSRC location at (97.340um, 102.320um) and size 10.000um, is not located on an existing power stripe node. Moving to closest node at (21.840um, 27.530um).
[WARNING PSM-0030] VSRC location at (937.340um, 102.320um) and size 10.000um, is not located on an existing power stripe node. Moving to closest node at (943.440um, 27.530um).
[WARNING PSM-0030] VSRC location at (377.340um, 242.320um) and size 10.000um, is not located on an existing power stripe node. Moving to closest node at (329.040um, 180.710um).
[WARNING PSM-0030] VSRC location at (1217.340um, 242.320um) and size 10.000um, is not located on an existing power stripe node. Moving to closest node at (1250.640um, 180.710um).
[WARNING PSM-0030] VSRC location at (657.340um, 382.320um) and size 10.000um, is not located on an existing power stripe node. Moving to closest node at (636.240um, 333.890um).
[WARNING PSM-0030] VSRC location at (97.340um, 522.320um) and size 10.000um, is not located on an existing power stripe node. Moving to closest node at (21.840um, 487.070um).
[WARNING PSM-0030] VSRC location at (937.340um, 522.320um) and size 10.000um, is not located on an existing power stripe node. Moving to closest node at (943.440um, 487.070um).
[WARNING PSM-0030] VSRC location at (377.340um, 662.320um) and size 10.000um, is not located on an existing power stripe node. Moving to closest node at (329.040um, 640.250um).
[WARNING PSM-0030] VSRC location at (1217.340um, 662.320um) and size 10.000um, is not located on an existing power stripe node. Moving to closest node at (1250.640um, 640.250um).
[WARNING PSM-0030] VSRC location at (657.340um, 802.320um) and size 10.000um, is not located on an existing power stripe node. Moving to closest node at (636.240um, 793.430um).
[WARNING PSM-0030] VSRC location at (97.340um, 942.320um) and size 10.000um, is not located on an existing power stripe node. Moving to closest node at (21.840um, 946.610um).
[WARNING PSM-0030] VSRC location at (937.340um, 942.320um) and size 10.000um, is not located on an existing power stripe node. Moving to closest node at (943.440um, 946.610um).
[WARNING PSM-0030] VSRC location at (377.340um, 1082.320um) and size 10.000um, is not located on an existing power stripe node. Moving to closest node at (329.040um, 1099.790um).
[WARNING PSM-0030] VSRC location at (1217.340um, 1082.320um) and size 10.000um, is not located on an existing power stripe node. Moving to closest node at (1250.640um, 1099.790um).
[WARNING PSM-0030] VSRC location at (657.340um, 1222.320um) and size 10.000um, is not located on an existing power stripe node. Moving to closest node at (636.240um, 1252.970um).
[INFO PSM-0031] Number of PDN nodes on net VPWR = 40278.
[INFO PSM-0064] Number of voltage sources = 15.
[INFO PSM-0040] All PDN stripes on net VPWR are connected.
[WARNING PSM-0016] Voltage pad location (VSRC) file not specified, defaulting pad location to checkerboard pattern on core area.
[WARNING PSM-0017] X direction bump pitch is not specified, defaulting to 140um.
[WARNING PSM-0018] Y direction bump pitch is not specified, defaulting to 140um.
[WARNING PSM-0019] Voltage on net VGND is not explicitly set.
[WARNING PSM-0021] Using voltage 0.000V for ground network.
[WARNING PSM-0065] VSRC location not specified, using default checkerboard pattern with one VDD every size bumps in x-direction and one in two bumps in the y-direction
[INFO PSM-0076] Setting metal node density to be standard cell height times 5.
[WARNING PSM-0030] VSRC location at (97.340um, 102.320um) and size 10.000um, is not located on an existing power stripe node. Moving to closest node at (25.140um, 30.830um).
[WARNING PSM-0030] VSRC location at (937.340um, 102.320um) and size 10.000um, is not located on an existing power stripe node. Moving to closest node at (946.740um, 30.830um).
[WARNING PSM-0030] VSRC location at (377.340um, 242.320um) and size 10.000um, is not located on an existing power stripe node. Moving to closest node at (332.340um, 184.010um).
[WARNING PSM-0030] VSRC location at (1217.340um, 242.320um) and size 10.000um, is not located on an existing power stripe node. Moving to closest node at (1253.940um, 184.010um).
[WARNING PSM-0030] VSRC location at (657.340um, 382.320um) and size 10.000um, is not located on an existing power stripe node. Moving to closest node at (639.540um, 337.190um).
[WARNING PSM-0030] VSRC location at (97.340um, 522.320um) and size 10.000um, is not located on an existing power stripe node. Moving to closest node at (25.140um, 490.370um).
[WARNING PSM-0030] VSRC location at (937.340um, 522.320um) and size 10.000um, is not located on an existing power stripe node. Moving to closest node at (946.740um, 490.370um).
[WARNING PSM-0030] VSRC location at (377.340um, 662.320um) and size 10.000um, is not located on an existing power stripe node. Moving to closest node at (332.340um, 643.550um).
[WARNING PSM-0030] VSRC location at (1217.340um, 662.320um) and size 10.000um, is not located on an existing power stripe node. Moving to closest node at (1253.940um, 643.550um).
[WARNING PSM-0030] VSRC location at (657.340um, 802.320um) and size 10.000um, is not located on an existing power stripe node. Moving to closest node at (639.540um, 796.730um).
[WARNING PSM-0030] VSRC location at (97.340um, 942.320um) and size 10.000um, is not located on an existing power stripe node. Moving to closest node at (25.140um, 949.910um).
[WARNING PSM-0030] VSRC location at (937.340um, 942.320um) and size 10.000um, is not located on an existing power stripe node. Moving to closest node at (946.740um, 949.910um).
[WARNING PSM-0030] VSRC location at (377.340um, 1082.320um) and size 10.000um, is not located on an existing power stripe node. Moving to closest node at (332.340um, 1103.090um).
[WARNING PSM-0030] VSRC location at (1217.340um, 1082.320um) and size 10.000um, is not located on an existing power stripe node. Moving to closest node at (1253.940um, 1103.090um).
[WARNING PSM-0030] VSRC location at (657.340um, 1222.320um) and size 10.000um, is not located on an existing power stripe node. Moving to closest node at (639.540um, 1256.270um).
[INFO PSM-0031] Number of PDN nodes on net VGND = 40278.
[INFO PSM-0064] Number of voltage sources = 15.
[INFO PSM-0040] All PDN stripes on net VGND are connected.
Setting global connections for newly added cells...
Writing OpenROAD database to /openlane/designs/D2DAdapter/runs/RUN_2024.07.10_02.23.41/tmp/floorplan/6-pdn.odb...
Writing layout to /openlane/designs/D2DAdapter/runs/RUN_2024.07.10_02.23.41/tmp/floorplan/6-pdn.def...
